<?xml version="1.0" encoding="UTF-8"?>
<!-- Generated by org.testng.reporters.JUnitXMLReporter -->
<testsuite ignored="0" hostname="Dragoss-Air" failures="0" tests="8" name="Default test" time="12.324" errors="0" timestamp="2024-05-10T16:37:44 EEST">
  <testcase classname="curs19.SeleniumLocators" name="tagNameLocator" time="0.053"/>
  <testcase classname="curs19.SeleniumLocators" name="linkTextLocator" time="0.498"/>
  <testcase classname="curs19.SeleniumLocators" name="partialLinkTextLocator" time="0.607"/>
  <testcase classname="curs19.SeleniumLocators" name="classNameLocator" time="0.087"/>
  <testcase classname="curs19.SeleniumLocators" name="idLocator" time="0.375"/>
  <testcase classname="curs19.SeleniumLocators" name="nameLocator" time="3.173"/>
  <testcase classname="curs19.SeleniumLocators" name="cssSelectorLocator" time="0.038"/>
  <testcase classname="curs19.SeleniumLocators" name="xpathLocator" time="0.047"/>
</testsuite> <!-- Default test -->
