<?xml version="1.0" encoding="UTF-8"?>
<testng-results ignored="0" total="1" passed="1" failed="0" skipped="0">
  <reporter-output>
  </reporter-output>
  <suite started-at="2024-05-14T18:02:06 EEST" name="Default suite" finished-at="2024-05-14T18:02:17 EEST" duration-ms="11431">
    <groups>
    </groups>
    <test started-at="2024-05-14T18:02:06 EEST" name="Default test" finished-at="2024-05-14T18:02:17 EEST" duration-ms="11431">
      <class name="curs21.CssSelectorExample">
        <test-method is-config="true" signature="setup()[pri:0, instance:curs21.CssSelectorExample@6283d8b8]" started-at="2024-05-14T18:02:06 EEST" name="setup" finished-at="2024-05-14T18:02:12 EEST" duration-ms="5885" status="PASS">
          <reporter-output>
          </reporter-output>
        </test-method> <!-- setup -->
        <test-method signature="cssSelectorExample2()[pri:0, instance:curs21.CssSelectorExample@6283d8b8]" started-at="2024-05-14T18:02:12 EEST" name="cssSelectorExample2" finished-at="2024-05-14T18:02:12 EEST" duration-ms="261" status="PASS">
          <reporter-output>
          </reporter-output>
        </test-method> <!-- cssSelectorExample2 -->
        <test-method is-config="true" signature="tearDown()[pri:0, instance:curs21.CssSelectorExample@6283d8b8]" started-at="2024-05-14T18:02:12 EEST" name="tearDown" finished-at="2024-05-14T18:02:17 EEST" duration-ms="5187" status="PASS">
          <reporter-output>
          </reporter-output>
        </test-method> <!-- tearDown -->
      </class> <!-- curs21.CssSelectorExample -->
    </test> <!-- Default test -->
  </suite> <!-- Default suite -->
</testng-results>
